Arguments: 
  /usr/local/bin/node /usr/local/bin/yarn upgrade

PATH: 
  /usr/local/bin:/Users/ken/.yarn/bin:/usr/local/share/android-sdk/platform-tools:.:/usr/local/bin:/usr/bin:/bin:/usr/sbin:/sbin:/usr/local/MacGPG2/bin:/Users/ken/.yarn/bin:/usr/local/share/android-sdk/platform-tools:.:/Users/ken/Library/Python/2.7/bin:/usr/local/sbin:/opt/local/bin:/opt/local/sbin:/opt/X11/bin:/Users/kensnyder/.rvm/bin:/Users/kensnyder/.ec2/bin:/Developer/usr/bin:/Users/kensnyder/pear/bin:/usr/local/share/npm/bin:/Applications/Couchbase Server.app/Contents/Resources/couchbase-core/bin:/Users/kensnyder/repos/mine/api/commandline/bin:/Users/ken/Library/Python/2.7/bin:/usr/local/sbin:/usr/local/bin:/opt/local/bin:/opt/local/sbin:/usr/local/bin:/usr/bin:/bin:/usr/sbin:/sbin:/opt/X11/bin:/Users/kensnyder/.rvm/bin:/Users/kensnyder/.ec2/bin:/Developer/usr/bin:/Users/kensnyder/pear/bin:/usr/local/share/npm/bin:/Applications/Couchbase Server.app/Contents/Resources/couchbase-core/bin:/Users/kensnyder/repos/mine/api/commandline/bin

Yarn version: 
  1.5.1

Node version: 
  8.11.2

Platform: 
  darwin x64

npm manifest: 
  {
    "name": "abstracted-firebase",
    "version": "0.7.0",
    "description": "Core library supporting 'abstracted-admin' and 'abstracted-client' libraries",
    "license": "MIT",
    "repository": "https://github.com/forest-fire/abstracted-firebase",
    "author": "Ken Snyder <ken@ken.net>",
    "keywords": [
      "firebase",
      "typescript",
      "utility"
    ],
    "files": [
      "lib",
      "dist"
    ],
    "module": "dist/esnext/index.js",
    "main": "dist/abstracted-firebase.cjs.js",
    "browser": "dist/abstracted-firebase.umd.js",
    "typings": "lib/index.d.ts",
    "scripts": {
      "clean": "rimraf lib",
      "lint": "tslint --force --format verbose \"src/**/*.ts\"",
      "build": "tslint src/**/*.ts && tsc -P tsconfig.esnext.json && rollup -c rollup.umd.config.js && rollup -c rollup.cjs.config.js",
      "test": "ts-node ./scripts/test.ts",
      "coverage": "nyc --include='src/**/*.ts' --reporter=text --reporter=html --reporter=lcov mocha --compilers ts:ts-node/register --recursive 'test/**/*.test.ts'",
      "watch": "npm run build -- --watch",
      "deploy": "ts-node ./scripts/deploy.ts ",
      "watch:test": "npm run test -- --watch"
    },
    "dependencies": {
      "common-types": "^1.7.36",
      "firebase-api-surface": "^0.8.0",
      "serialized-query": "^0.3.8",
      "typed-conversions": "^0.8.3"
    },
    "peerDependencies": {
      "firemock": "^0.17.0"
    },
    "devDependencies": {
      "@types/chai": "^4.1.0",
      "@types/chance": "^0.7.34",
      "@types/faker": "^4.1.0",
      "@types/js-yaml": "^3.9.0",
      "@types/lodash": "^4.14.0",
      "@types/mocha": "^5.2.1",
      "@types/node": "^8.0.0",
      "@types/rimraf": "^2.0.1",
      "abstracted-admin": "^0.9.8",
      "async-shelljs": "^0.1.2",
      "chai": "^4.1.0",
      "chance": "^1.0.16",
      "coveralls": "^3.0.0",
      "faker": "^4.1.0",
      "firemock": "^0.17.0",
      "js-yaml": "^3.10.0",
      "mocha": "^5.0.0",
      "nyc": "^11.4.0",
      "rimraf": "^2.6.2",
      "rollup-plugin-node-resolve": "^3.3.0",
      "test-console": "^1.1.0",
      "ts-node": "^6.1.0",
      "tslint": "^5.10.0",
      "typescript": "^3.0.0-dev.20180606"
    },
    "engines": {
      "node": ">=8.0.0"
    },
    "nyc": {
      "include": [
        "src/**/*.ts"
      ],
      "exclude": [
        "lib"
      ],
      "extension": [
        ".ts"
      ],
      "require": [
        "ts-node/register"
      ],
      "reporter": [],
      "all": true
    }
  }

yarn manifest: 
  No manifest

Lockfile: 
  No lockfile

Trace: 
  Error: No lockfile in this directory. Run `yarn install` to generate one.
      at new MessageError (/usr/local/lib/node_modules/yarn/lib/cli.js:186:110)
      at /usr/local/lib/node_modules/yarn/lib/cli.js:89389:13
      at <anonymous>
